2021-05-04 10:05:56,129 [main] INFO  [o.s.c.s.PostProcessorRegistrationDelegate$BeanPostProcessorChecker] PostProcessorRegistrationDelegate.java:330 - Bean 'org.springframework.cloud.autoconfigure.ConfigurationPropertiesRebinderAutoConfiguration' of type [org.springframework.cloud.autoconfigure.ConfigurationPropertiesRebinderAutoConfiguration$$EnhancerBySpringCGLIB$$7095a3d3] is not eligible for getting processed by all BeanPostProcessors (for example: not eligible for auto-proxying)
2021-05-04 10:06:06,338 [main] INFO  [com.galaxy.config.GalaxyConfigApplication] SpringApplication.java:675 - No active profile set, falling back to default profiles: default
2021-05-04 10:06:07,130 [main] WARN  [o.springframework.boot.actuate.endpoint.EndpointId] EndpointId.java:135 - Endpoint ID 'bus-env' contains invalid characters, please migrate to a valid format.
2021-05-04 10:06:07,135 [main] WARN  [o.springframework.boot.actuate.endpoint.EndpointId] EndpointId.java:135 - Endpoint ID 'bus-refresh' contains invalid characters, please migrate to a valid format.
2021-05-04 10:06:07,445 [main] WARN  [o.springframework.boot.actuate.endpoint.EndpointId] EndpointId.java:135 - Endpoint ID 'service-registry' contains invalid characters, please migrate to a valid format.
2021-05-04 10:06:07,506 [main] WARN  [o.springframework.boot.actuate.endpoint.EndpointId] EndpointId.java:135 - Endpoint ID 'hystrix.stream' contains invalid characters, please migrate to a valid format.
2021-05-04 10:06:07,889 [main] INFO  [o.springframework.cloud.context.scope.GenericScope] GenericScope.java:294 - BeanFactory id=fa38baf6-f80f-3b7c-bf4c-a563a3d6d91b
2021-05-04 10:06:07,901 [main] INFO  [o.s.i.c.DefaultConfiguringBeanFactoryPostProcessor] DefaultConfiguringBeanFactoryPostProcessor.java:188 - No bean named 'errorChannel' has been explicitly defined. Therefore, a default PublishSubscribeChannel will be created.
2021-05-04 10:06:07,910 [main] INFO  [o.s.i.c.DefaultConfiguringBeanFactoryPostProcessor] DefaultConfiguringBeanFactoryPostProcessor.java:275 - No bean named 'taskScheduler' has been explicitly defined. Therefore, a default ThreadPoolTaskScheduler will be created.
2021-05-04 10:06:07,917 [main] INFO  [o.s.i.c.DefaultConfiguringBeanFactoryPostProcessor] DefaultConfiguringBeanFactoryPostProcessor.java:426 - No bean named 'integrationHeaderChannelRegistry' has been explicitly defined. Therefore, a default DefaultHeaderChannelRegistry will be created.
2021-05-04 10:06:07,955 [main] INFO  [o.s.c.s.PostProcessorRegistrationDelegate$BeanPostProcessorChecker] PostProcessorRegistrationDelegate.java:330 - Bean 'org.springframework.amqp.rabbit.annotation.RabbitBootstrapConfiguration' of type [org.springframework.amqp.rabbit.annotation.RabbitBootstrapConfiguration$$EnhancerBySpringCGLIB$$1ae75f04] is not eligible for getting processed by all BeanPostProcessors (for example: not eligible for auto-proxying)
2021-05-04 10:06:08,117 [main] INFO  [o.s.c.s.PostProcessorRegistrationDelegate$BeanPostProcessorChecker] PostProcessorRegistrationDelegate.java:330 - Bean 'integrationDisposableAutoCreatedBeans' of type [org.springframework.integration.config.annotation.Disposables] is not eligible for getting processed by all BeanPostProcessors (for example: not eligible for auto-proxying)
2021-05-04 10:06:08,382 [main] INFO  [o.s.c.s.PostProcessorRegistrationDelegate$BeanPostProcessorChecker] PostProcessorRegistrationDelegate.java:330 - Bean 'org.springframework.integration.config.IntegrationManagementConfiguration' of type [org.springframework.integration.config.IntegrationManagementConfiguration$$EnhancerBySpringCGLIB$$bf6d5c05] is not eligible for getting processed by all BeanPostProcessors (for example: not eligible for auto-proxying)
2021-05-04 10:06:08,398 [main] INFO  [o.s.c.s.PostProcessorRegistrationDelegate$BeanPostProcessorChecker] PostProcessorRegistrationDelegate.java:330 - Bean 'org.springframework.boot.autoconfigure.integration.IntegrationAutoConfiguration$IntegrationJmxConfiguration' of type [org.springframework.boot.autoconfigure.integration.IntegrationAutoConfiguration$IntegrationJmxConfiguration$$EnhancerBySpringCGLIB$$9aff6725] is not eligible for getting processed by all BeanPostProcessors (for example: not eligible for auto-proxying)
2021-05-04 10:06:08,412 [main] INFO  [o.s.c.s.PostProcessorRegistrationDelegate$BeanPostProcessorChecker] PostProcessorRegistrationDelegate.java:330 - Bean 'org.springframework.boot.autoconfigure.jmx.JmxAutoConfiguration' of type [org.springframework.boot.autoconfigure.jmx.JmxAutoConfiguration$$EnhancerBySpringCGLIB$$d3e70ff2] is not eligible for getting processed by all BeanPostProcessors (for example: not eligible for auto-proxying)
2021-05-04 10:06:08,419 [main] INFO  [o.s.c.s.PostProcessorRegistrationDelegate$BeanPostProcessorChecker] PostProcessorRegistrationDelegate.java:330 - Bean 'mbeanServer' of type [com.sun.jmx.mbeanserver.JmxMBeanServer] is not eligible for getting processed by all BeanPostProcessors (for example: not eligible for auto-proxying)
2021-05-04 10:06:08,449 [main] INFO  [o.s.c.s.PostProcessorRegistrationDelegate$BeanPostProcessorChecker] PostProcessorRegistrationDelegate.java:330 - Bean 'org.springframework.cloud.autoconfigure.ConfigurationPropertiesRebinderAutoConfiguration' of type [org.springframework.cloud.autoconfigure.ConfigurationPropertiesRebinderAutoConfiguration$$EnhancerBySpringCGLIB$$7095a3d3] is not eligible for getting processed by all BeanPostProcessors (for example: not eligible for auto-proxying)
2021-05-04 10:06:09,016 [main] INFO  [o.s.boot.web.embedded.tomcat.TomcatWebServer] TomcatWebServer.java:90 - Tomcat initialized with port(s): 9200 (http)
2021-05-04 10:06:09,037 [main] INFO  [org.apache.coyote.http11.Http11NioProtocol] DirectJDKLog.java:173 - Initializing ProtocolHandler ["http-nio-9200"]
2021-05-04 10:06:09,050 [main] INFO  [org.apache.catalina.core.StandardService] DirectJDKLog.java:173 - Starting service [Tomcat]
2021-05-04 10:06:09,050 [main] INFO  [org.apache.catalina.core.StandardEngine] DirectJDKLog.java:173 - Starting Servlet engine: [Apache Tomcat/9.0.16]
2021-05-04 10:06:09,064 [main] INFO  [org.apache.catalina.core.AprLifecycleListener] DirectJDKLog.java:173 - The APR based Apache Tomcat Native library which allows optimal performance in production environments was not found on the java.library.path: [/Users/zionhugh/Library/Java/Extensions:/Library/Java/Extensions:/Network/Library/Java/Extensions:/System/Library/Java/Extensions:/usr/lib/java:.]
2021-05-04 10:06:09,211 [main] INFO  [o.a.c.core.ContainerBase.[Tomcat].[localhost].[/]] DirectJDKLog.java:173 - Initializing Spring embedded WebApplicationContext
2021-05-04 10:06:09,212 [main] INFO  [org.springframework.web.context.ContextLoader] ServletWebServerApplicationContext.java:296 - Root WebApplicationContext: initialization completed in 2855 ms
2021-05-04 10:06:09,383 [main] WARN  [com.netflix.config.sources.URLConfigurationSource] URLConfigurationSource.java:121 - No URLs will be polled as dynamic configuration sources.
2021-05-04 10:06:09,384 [main] INFO  [com.netflix.config.sources.URLConfigurationSource] URLConfigurationSource.java:122 - To enable URLs as dynamic configuration sources, define System property archaius.configurationSource.additionalUrls or make config.properties available on classpath.
2021-05-04 10:06:09,403 [main] INFO  [com.netflix.config.DynamicPropertyFactory] DynamicPropertyFactory.java:281 - DynamicPropertyFactory is initialized with configuration sources: com.netflix.config.ConcurrentCompositeConfiguration@32256e68
2021-05-04 10:06:16,342 [main] INFO  [o.s.scheduling.concurrent.ThreadPoolTaskScheduler] ExecutorConfigurationSupport.java:171 - Initializing ExecutorService 'taskScheduler'
2021-05-04 10:06:16,792 [main] INFO  [o.s.b.a.endpoint.web.ServletEndpointRegistrar] ServletEndpointRegistrar.java:78 - Registered '/actuator/hystrix.stream' to hystrix.stream-actuator-endpoint
2021-05-04 10:06:16,903 [main] WARN  [com.netflix.config.sources.URLConfigurationSource] URLConfigurationSource.java:121 - No URLs will be polled as dynamic configuration sources.
2021-05-04 10:06:16,904 [main] INFO  [com.netflix.config.sources.URLConfigurationSource] URLConfigurationSource.java:122 - To enable URLs as dynamic configuration sources, define System property archaius.configurationSource.additionalUrls or make config.properties available on classpath.
2021-05-04 10:06:17,698 [main] INFO  [o.s.scheduling.concurrent.ThreadPoolTaskExecutor] ExecutorConfigurationSupport.java:171 - Initializing ExecutorService 'applicationTaskExecutor'
2021-05-04 10:06:19,197 [main] INFO  [o.s.b.actuate.endpoint.web.EndpointLinksResolver] EndpointLinksResolver.java:59 - Exposing 25 endpoint(s) beneath base path '/actuator'
2021-05-04 10:06:19,334 [main] INFO  [o.s.c.stream.messaging.DirectWithAttributesChannel] AbstractSubscribableChannel.java:64 - Channel 'galaxy-config-1.springCloudBusInput' has 1 subscriber(s).
2021-05-04 10:06:19,527 [main] INFO  [o.s.integration.monitor.IntegrationMBeanExporter] IntegrationMBeanExporter.java:767 - Registering MessageChannel springCloudBusInput
2021-05-04 10:06:19,621 [main] INFO  [o.s.integration.monitor.IntegrationMBeanExporter] IntegrationMBeanExporter.java:767 - Registering MessageChannel springCloudBusOutput
2021-05-04 10:06:19,636 [main] INFO  [o.s.integration.monitor.IntegrationMBeanExporter] IntegrationMBeanExporter.java:767 - Registering MessageChannel nullChannel
2021-05-04 10:06:19,652 [main] INFO  [o.s.integration.monitor.IntegrationMBeanExporter] IntegrationMBeanExporter.java:767 - Registering MessageChannel errorChannel
2021-05-04 10:06:19,717 [main] INFO  [o.s.integration.monitor.IntegrationMBeanExporter] IntegrationMBeanExporter.java:785 - Registering MessageHandler errorLogger
2021-05-04 10:06:19,802 [main] INFO  [o.s.integration.monitor.IntegrationMBeanExporter] IntegrationMBeanExporter.java:785 - Registering MessageHandler org.springframework.cloud.stream.binding.StreamListenerMessageHandler@16c0be3b
2021-05-04 10:06:20,020 [main] INFO  [o.s.integration.endpoint.EventDrivenConsumer] EventDrivenConsumer.java:107 - Adding {logging-channel-adapter:_org.springframework.integration.errorLogger} as a subscriber to the 'errorChannel' channel
2021-05-04 10:06:20,021 [main] INFO  [o.s.integration.channel.PublishSubscribeChannel] AbstractSubscribableChannel.java:64 - Channel 'galaxy-config-1.errorChannel' has 1 subscriber(s).
2021-05-04 10:06:20,021 [main] INFO  [o.s.integration.endpoint.EventDrivenConsumer] AbstractEndpoint.java:159 - started _org.springframework.integration.errorLogger
2021-05-04 10:06:30,309 [main] INFO  [o.s.a.rabbit.connection.CachingConnectionFactory] AbstractConnectionFactory.java:460 - Attempting to connect to: [47.100.17.12:5672]
2021-05-04 10:06:31,036 [main] INFO  [o.s.a.rabbit.connection.CachingConnectionFactory] AbstractConnectionFactory.java:496 - Created new connection: rabbitConnectionFactory#517704:0/SimpleConnection@744fb110 [delegate=amqp://galaxy@47.100.17.12:5672/, localPort= 59291]
2021-05-04 10:06:31,386 [main] INFO  [o.s.c.stream.messaging.DirectWithAttributesChannel] AbstractSubscribableChannel.java:64 - Channel 'galaxy-config-1.springCloudBusOutput' has 1 subscriber(s).
2021-05-04 10:06:31,405 [main] INFO  [o.s.cloud.netflix.eureka.InstanceInfoFactory] InstanceInfoFactory.java:71 - Setting initial instance status as: STARTING
2021-05-04 10:06:31,451 [main] INFO  [com.netflix.discovery.DiscoveryClient] DiscoveryClient.java:349 - Initializing Eureka in region us-east-1
2021-05-04 10:06:31,506 [main] INFO  [c.n.discovery.provider.DiscoveryJerseyProvider] DiscoveryJerseyProvider.java:70 - Using JSON encoding codec LegacyJacksonJson
2021-05-04 10:06:31,506 [main] INFO  [c.n.discovery.provider.DiscoveryJerseyProvider] DiscoveryJerseyProvider.java:71 - Using JSON decoding codec LegacyJacksonJson
2021-05-04 10:06:31,675 [main] INFO  [c.n.discovery.provider.DiscoveryJerseyProvider] DiscoveryJerseyProvider.java:80 - Using XML encoding codec XStreamXml
2021-05-04 10:06:31,676 [main] INFO  [c.n.discovery.provider.DiscoveryJerseyProvider] DiscoveryJerseyProvider.java:81 - Using XML decoding codec XStreamXml
2021-05-04 10:06:31,911 [main] INFO  [c.n.d.shared.resolver.aws.ConfigClusterResolver] ConfigClusterResolver.java:43 - Resolving eureka endpoints via configuration
2021-05-04 10:06:31,947 [main] INFO  [com.netflix.discovery.DiscoveryClient] DiscoveryClient.java:958 - Disable delta property : false
2021-05-04 10:06:31,948 [main] INFO  [com.netflix.discovery.DiscoveryClient] DiscoveryClient.java:959 - Single vip registry refresh property : null
2021-05-04 10:06:31,948 [main] INFO  [com.netflix.discovery.DiscoveryClient] DiscoveryClient.java:960 - Force full registry fetch : false
2021-05-04 10:06:31,949 [main] INFO  [com.netflix.discovery.DiscoveryClient] DiscoveryClient.java:961 - Application is null : false
2021-05-04 10:06:31,949 [main] INFO  [com.netflix.discovery.DiscoveryClient] DiscoveryClient.java:962 - Registered Applications size is zero : true
2021-05-04 10:06:31,949 [main] INFO  [com.netflix.discovery.DiscoveryClient] DiscoveryClient.java:964 - Application version is -1: true
2021-05-04 10:06:31,950 [main] INFO  [com.netflix.discovery.DiscoveryClient] DiscoveryClient.java:1047 - Getting all instance registry info from the eureka server
2021-05-04 10:06:32,445 [main] INFO  [com.netflix.discovery.DiscoveryClient] DiscoveryClient.java:1056 - The response status is 200
2021-05-04 10:06:32,447 [main] INFO  [com.netflix.discovery.DiscoveryClient] DiscoveryClient.java:1270 - Starting heartbeat executor: renew interval is: 30
2021-05-04 10:06:32,450 [main] INFO  [com.netflix.discovery.InstanceInfoReplicator] InstanceInfoReplicator.java:60 - InstanceInfoReplicator onDemand update allowed rate per min is 4
2021-05-04 10:06:32,455 [main] INFO  [com.netflix.discovery.DiscoveryClient] DiscoveryClient.java:449 - Discovery Client initialized at timestamp 1620147992453 with initial instances count: 0
2021-05-04 10:06:32,459 [main] INFO  [o.s.c.n.e.serviceregistry.EurekaServiceRegistry] EurekaServiceRegistry.java:42 - Registering application GALAXY-CONFIG with eureka with status UP
2021-05-04 10:06:32,460 [main] INFO  [com.netflix.discovery.DiscoveryClient] DiscoveryClient.java:1305 - Saw local status change event StatusChangeEvent [timestamp=1620147992460, current=UP, previous=STARTING]
2021-05-04 10:06:32,462 [DiscoveryClient-InstanceInfoReplicator-0] INFO  [com.netflix.discovery.DiscoveryClient] DiscoveryClient.java:826 - DiscoveryClient_GALAXY-CONFIG/192.168.0.96:galaxy-config:9200: registering service...
2021-05-04 10:06:32,462 [main] INFO  [o.s.cloud.config.monitor.FileMonitorConfiguration] FileMonitorConfiguration.java:150 - Not monitoring for local config changes
2021-05-04 10:06:32,501 [main] INFO  [o.s.c.s.b.r.p.RabbitExchangeQueueProvisioner] RabbitExchangeQueueProvisioner.java:159 - declaring queue for inbound: springCloudBus.anonymous.dDJDkSWJSoWOlfa5O6TNhQ, bound to: springCloudBus
2021-05-04 10:06:32,690 [DiscoveryClient-InstanceInfoReplicator-0] INFO  [com.netflix.discovery.DiscoveryClient] DiscoveryClient.java:835 - DiscoveryClient_GALAXY-CONFIG/192.168.0.96:galaxy-config:9200 - registration status: 204
2021-05-04 10:06:33,011 [main] INFO  [o.s.integration.monitor.IntegrationMBeanExporter] IntegrationMBeanExporter.java:767 - Registering MessageChannel springCloudBus.anonymous.dDJDkSWJSoWOlfa5O6TNhQ.errors
2021-05-04 10:06:33,100 [main] INFO  [o.s.cloud.stream.binder.BinderErrorChannel] AbstractSubscribableChannel.java:64 - Channel 'galaxy-config-1.springCloudBus.anonymous.dDJDkSWJSoWOlfa5O6TNhQ.errors' has 1 subscriber(s).
2021-05-04 10:06:33,101 [main] INFO  [o.s.cloud.stream.binder.BinderErrorChannel] AbstractSubscribableChannel.java:64 - Channel 'galaxy-config-1.springCloudBus.anonymous.dDJDkSWJSoWOlfa5O6TNhQ.errors' has 2 subscriber(s).
2021-05-04 10:06:33,587 [main] INFO  [o.s.i.amqp.inbound.AmqpInboundChannelAdapter] AbstractEndpoint.java:159 - started inbound.springCloudBus.anonymous.dDJDkSWJSoWOlfa5O6TNhQ
2021-05-04 10:06:33,627 [main] INFO  [org.apache.coyote.http11.Http11NioProtocol] DirectJDKLog.java:173 - Starting ProtocolHandler ["http-nio-9200"]
2021-05-04 10:06:33,666 [main] INFO  [o.s.boot.web.embedded.tomcat.TomcatWebServer] TomcatWebServer.java:204 - Tomcat started on port(s): 9200 (http) with context path ''
2021-05-04 10:06:33,667 [main] INFO  [o.s.c.n.e.s.EurekaAutoServiceRegistration] EurekaAutoServiceRegistration.java:141 - Updating port to 9200
2021-05-04 10:06:33,669 [main] INFO  [com.galaxy.config.GalaxyConfigApplication] StartupInfoLogger.java:59 - Started GalaxyConfigApplication in 48.806 seconds (JVM running for 49.448)
2021-05-04 10:07:02,452 [DiscoveryClient-CacheRefreshExecutor-0] INFO  [com.netflix.discovery.DiscoveryClient] DiscoveryClient.java:958 - Disable delta property : false
2021-05-04 10:07:02,455 [DiscoveryClient-CacheRefreshExecutor-0] INFO  [com.netflix.discovery.DiscoveryClient] DiscoveryClient.java:959 - Single vip registry refresh property : null
2021-05-04 10:07:02,456 [DiscoveryClient-CacheRefreshExecutor-0] INFO  [com.netflix.discovery.DiscoveryClient] DiscoveryClient.java:960 - Force full registry fetch : false
2021-05-04 10:07:02,456 [DiscoveryClient-CacheRefreshExecutor-0] INFO  [com.netflix.discovery.DiscoveryClient] DiscoveryClient.java:961 - Application is null : false
2021-05-04 10:07:02,456 [DiscoveryClient-CacheRefreshExecutor-0] INFO  [com.netflix.discovery.DiscoveryClient] DiscoveryClient.java:962 - Registered Applications size is zero : true
2021-05-04 10:07:02,456 [DiscoveryClient-CacheRefreshExecutor-0] INFO  [com.netflix.discovery.DiscoveryClient] DiscoveryClient.java:964 - Application version is -1: false
2021-05-04 10:07:02,456 [DiscoveryClient-CacheRefreshExecutor-0] INFO  [com.netflix.discovery.DiscoveryClient] DiscoveryClient.java:1047 - Getting all instance registry info from the eureka server
2021-05-04 10:07:02,516 [DiscoveryClient-CacheRefreshExecutor-0] INFO  [com.netflix.discovery.DiscoveryClient] DiscoveryClient.java:1056 - The response status is 200
2021-05-04 10:11:31,982 [AsyncResolver-bootstrap-executor-0] INFO  [c.n.d.shared.resolver.aws.ConfigClusterResolver] ConfigClusterResolver.java:43 - Resolving eureka endpoints via configuration
2021-05-04 10:16:32,006 [AsyncResolver-bootstrap-executor-0] INFO  [c.n.d.shared.resolver.aws.ConfigClusterResolver] ConfigClusterResolver.java:43 - Resolving eureka endpoints via configuration
2021-05-04 10:21:32,023 [AsyncResolver-bootstrap-executor-0] INFO  [c.n.d.shared.resolver.aws.ConfigClusterResolver] ConfigClusterResolver.java:43 - Resolving eureka endpoints via configuration
2021-05-04 10:26:32,036 [AsyncResolver-bootstrap-executor-0] INFO  [c.n.d.shared.resolver.aws.ConfigClusterResolver] ConfigClusterResolver.java:43 - Resolving eureka endpoints via configuration
2021-05-04 10:31:32,045 [AsyncResolver-bootstrap-executor-0] INFO  [c.n.d.shared.resolver.aws.ConfigClusterResolver] ConfigClusterResolver.java:43 - Resolving eureka endpoints via configuration
2021-05-04 10:36:32,056 [AsyncResolver-bootstrap-executor-0] INFO  [c.n.d.shared.resolver.aws.ConfigClusterResolver] ConfigClusterResolver.java:43 - Resolving eureka endpoints via configuration
2021-05-04 10:41:32,064 [AsyncResolver-bootstrap-executor-0] INFO  [c.n.d.shared.resolver.aws.ConfigClusterResolver] ConfigClusterResolver.java:43 - Resolving eureka endpoints via configuration
2021-05-04 10:46:32,086 [AsyncResolver-bootstrap-executor-0] INFO  [c.n.d.shared.resolver.aws.ConfigClusterResolver] ConfigClusterResolver.java:43 - Resolving eureka endpoints via configuration
2021-05-04 10:51:32,105 [AsyncResolver-bootstrap-executor-0] INFO  [c.n.d.shared.resolver.aws.ConfigClusterResolver] ConfigClusterResolver.java:43 - Resolving eureka endpoints via configuration
2021-05-04 10:56:32,121 [AsyncResolver-bootstrap-executor-0] INFO  [c.n.d.shared.resolver.aws.ConfigClusterResolver] ConfigClusterResolver.java:43 - Resolving eureka endpoints via configuration
2021-05-04 11:01:32,135 [AsyncResolver-bootstrap-executor-0] INFO  [c.n.d.shared.resolver.aws.ConfigClusterResolver] ConfigClusterResolver.java:43 - Resolving eureka endpoints via configuration
2021-05-04 11:06:32,145 [AsyncResolver-bootstrap-executor-0] INFO  [c.n.d.shared.resolver.aws.ConfigClusterResolver] ConfigClusterResolver.java:43 - Resolving eureka endpoints via configuration
2021-05-04 11:11:32,159 [AsyncResolver-bootstrap-executor-0] INFO  [c.n.d.shared.resolver.aws.ConfigClusterResolver] ConfigClusterResolver.java:43 - Resolving eureka endpoints via configuration
2021-05-04 11:16:32,176 [AsyncResolver-bootstrap-executor-0] INFO  [c.n.d.shared.resolver.aws.ConfigClusterResolver] ConfigClusterResolver.java:43 - Resolving eureka endpoints via configuration
2021-05-04 11:21:32,196 [AsyncResolver-bootstrap-executor-0] INFO  [c.n.d.shared.resolver.aws.ConfigClusterResolver] ConfigClusterResolver.java:43 - Resolving eureka endpoints via configuration
2021-05-04 11:26:32,236 [AsyncResolver-bootstrap-executor-0] INFO  [c.n.d.shared.resolver.aws.ConfigClusterResolver] ConfigClusterResolver.java:43 - Resolving eureka endpoints via configuration
2021-05-04 11:31:32,249 [AsyncResolver-bootstrap-executor-0] INFO  [c.n.d.shared.resolver.aws.ConfigClusterResolver] ConfigClusterResolver.java:43 - Resolving eureka endpoints via configuration
2021-05-04 11:36:32,260 [AsyncResolver-bootstrap-executor-0] INFO  [c.n.d.shared.resolver.aws.ConfigClusterResolver] ConfigClusterResolver.java:43 - Resolving eureka endpoints via configuration
2021-05-04 11:41:32,270 [AsyncResolver-bootstrap-executor-0] INFO  [c.n.d.shared.resolver.aws.ConfigClusterResolver] ConfigClusterResolver.java:43 - Resolving eureka endpoints via configuration
2021-05-04 11:46:32,283 [AsyncResolver-bootstrap-executor-0] INFO  [c.n.d.shared.resolver.aws.ConfigClusterResolver] ConfigClusterResolver.java:43 - Resolving eureka endpoints via configuration
2021-05-04 11:51:32,302 [AsyncResolver-bootstrap-executor-0] INFO  [c.n.d.shared.resolver.aws.ConfigClusterResolver] ConfigClusterResolver.java:43 - Resolving eureka endpoints via configuration
2021-05-04 11:56:32,318 [AsyncResolver-bootstrap-executor-0] INFO  [c.n.d.shared.resolver.aws.ConfigClusterResolver] ConfigClusterResolver.java:43 - Resolving eureka endpoints via configuration
2021-05-04 12:01:32,331 [AsyncResolver-bootstrap-executor-0] INFO  [c.n.d.shared.resolver.aws.ConfigClusterResolver] ConfigClusterResolver.java:43 - Resolving eureka endpoints via configuration
2021-05-04 12:06:32,340 [AsyncResolver-bootstrap-executor-0] INFO  [c.n.d.shared.resolver.aws.ConfigClusterResolver] ConfigClusterResolver.java:43 - Resolving eureka endpoints via configuration
2021-05-04 12:11:32,349 [AsyncResolver-bootstrap-executor-0] INFO  [c.n.d.shared.resolver.aws.ConfigClusterResolver] ConfigClusterResolver.java:43 - Resolving eureka endpoints via configuration
2021-05-04 12:16:32,362 [AsyncResolver-bootstrap-executor-0] INFO  [c.n.d.shared.resolver.aws.ConfigClusterResolver] ConfigClusterResolver.java:43 - Resolving eureka endpoints via configuration
2021-05-04 12:21:32,381 [AsyncResolver-bootstrap-executor-0] INFO  [c.n.d.shared.resolver.aws.ConfigClusterResolver] ConfigClusterResolver.java:43 - Resolving eureka endpoints via configuration
