2021-05-09 00:00:37,036 [Eureka-EvictionTimer] INFO  [c.netflix.eureka.registry.AbstractInstanceRegistry] AbstractInstanceRegistry.java:1250 - Running the evict task with compensationTime 4ms
2021-05-09 00:01:37,042 [Eureka-EvictionTimer] INFO  [c.netflix.eureka.registry.AbstractInstanceRegistry] AbstractInstanceRegistry.java:1250 - Running the evict task with compensationTime 4ms
2021-05-09 00:02:37,048 [Eureka-EvictionTimer] INFO  [c.netflix.eureka.registry.AbstractInstanceRegistry] AbstractInstanceRegistry.java:1250 - Running the evict task with compensationTime 5ms
2021-05-09 00:03:37,053 [Eureka-EvictionTimer] INFO  [c.netflix.eureka.registry.AbstractInstanceRegistry] AbstractInstanceRegistry.java:1250 - Running the evict task with compensationTime 3ms
2021-05-09 00:04:37,059 [Eureka-EvictionTimer] INFO  [c.netflix.eureka.registry.AbstractInstanceRegistry] AbstractInstanceRegistry.java:1250 - Running the evict task with compensationTime 5ms
2021-05-09 00:05:37,065 [Eureka-EvictionTimer] INFO  [c.netflix.eureka.registry.AbstractInstanceRegistry] AbstractInstanceRegistry.java:1250 - Running the evict task with compensationTime 4ms
2021-05-09 00:06:37,069 [Eureka-EvictionTimer] INFO  [c.netflix.eureka.registry.AbstractInstanceRegistry] AbstractInstanceRegistry.java:1250 - Running the evict task with compensationTime 3ms
2021-05-09 00:07:37,075 [Eureka-EvictionTimer] INFO  [c.netflix.eureka.registry.AbstractInstanceRegistry] AbstractInstanceRegistry.java:1250 - Running the evict task with compensationTime 4ms
2021-05-09 00:08:37,079 [Eureka-EvictionTimer] INFO  [c.netflix.eureka.registry.AbstractInstanceRegistry] AbstractInstanceRegistry.java:1250 - Running the evict task with compensationTime 2ms
2021-05-09 00:09:37,082 [Eureka-EvictionTimer] INFO  [c.netflix.eureka.registry.AbstractInstanceRegistry] AbstractInstanceRegistry.java:1250 - Running the evict task with compensationTime 1ms
2021-05-09 00:10:37,085 [Eureka-EvictionTimer] INFO  [c.netflix.eureka.registry.AbstractInstanceRegistry] AbstractInstanceRegistry.java:1250 - Running the evict task with compensationTime 2ms
2021-05-09 00:11:37,086 [Eureka-EvictionTimer] INFO  [c.netflix.eureka.registry.AbstractInstanceRegistry] AbstractInstanceRegistry.java:1250 - Running the evict task with compensationTime 0ms
2021-05-09 00:11:42,213 [http-nio-9000-exec-7] INFO  [c.netflix.eureka.registry.AbstractInstanceRegistry] AbstractInstanceRegistry.java:266 - Registered instance GALAXY-GATEWAY/192.168.0.96:galaxy-gateway:9400 with status DOWN (replication=false)
2021-05-09 00:11:45,185 [http-nio-9000-exec-2] INFO  [c.netflix.eureka.registry.AbstractInstanceRegistry] AbstractInstanceRegistry.java:266 - Registered instance GALAXY-GATEWAY/192.168.0.96:galaxy-gateway:9400 with status DOWN (replication=true)
2021-05-09 00:11:45,254 [TaskBatchingWorker-target_localhost-10] ERROR [c.netflix.eureka.cluster.ReplicationTaskProcessor] ReplicationTaskProcessor.java:96 - It seems to be a socket read timeout exception, it will retry later. if it continues to happen and some eureka node occupied all the cpu time, you should set property 'eureka.server.peer-node-read-timeout-ms' to a bigger value
com.sun.jersey.api.client.ClientHandlerException: java.net.SocketTimeoutException: Read timed out
	at com.sun.jersey.client.apache4.ApacheHttpClient4Handler.handle(ApacheHttpClient4Handler.java:187)
	at com.netflix.eureka.cluster.DynamicGZIPContentEncodingFilter.handle(DynamicGZIPContentEncodingFilter.java:48)
	at com.netflix.discovery.EurekaIdentityHeaderFilter.handle(EurekaIdentityHeaderFilter.java:27)
	at com.sun.jersey.api.client.Client.handle(Client.java:652)
	at com.sun.jersey.api.client.WebResource.handle(WebResource.java:682)
	at com.sun.jersey.api.client.WebResource.access$200(WebResource.java:74)
	at com.sun.jersey.api.client.WebResource$Builder.post(WebResource.java:570)
	at com.netflix.eureka.transport.JerseyReplicationClient.submitBatchUpdates(JerseyReplicationClient.java:116)
	at com.netflix.eureka.cluster.ReplicationTaskProcessor.process(ReplicationTaskProcessor.java:80)
	at com.netflix.eureka.util.batcher.TaskExecutors$BatchWorkerRunnable.run(TaskExecutors.java:193)
	at java.lang.Thread.run(Thread.java:748)
Caused by: java.net.SocketTimeoutException: Read timed out
	at java.net.SocketInputStream.socketRead0(Native Method)
	at java.net.SocketInputStream.socketRead(SocketInputStream.java:116)
	at java.net.SocketInputStream.read(SocketInputStream.java:171)
	at java.net.SocketInputStream.read(SocketInputStream.java:141)
	at org.apache.http.impl.io.AbstractSessionInputBuffer.fillBuffer(AbstractSessionInputBuffer.java:161)
	at org.apache.http.impl.io.SocketInputBuffer.fillBuffer(SocketInputBuffer.java:82)
	at org.apache.http.impl.io.AbstractSessionInputBuffer.readLine(AbstractSessionInputBuffer.java:276)
	at org.apache.http.impl.conn.DefaultHttpResponseParser.parseHead(DefaultHttpResponseParser.java:138)
	at org.apache.http.impl.conn.DefaultHttpResponseParser.parseHead(DefaultHttpResponseParser.java:56)
	at org.apache.http.impl.io.AbstractMessageParser.parse(AbstractMessageParser.java:259)
	at org.apache.http.impl.AbstractHttpClientConnection.receiveResponseHeader(AbstractHttpClientConnection.java:294)
	at org.apache.http.impl.conn.DefaultClientConnection.receiveResponseHeader(DefaultClientConnection.java:257)
	at org.apache.http.impl.conn.AbstractClientConnAdapter.receiveResponseHeader(AbstractClientConnAdapter.java:230)
	at org.apache.http.protocol.HttpRequestExecutor.doReceiveResponse(HttpRequestExecutor.java:273)
	at org.apache.http.protocol.HttpRequestExecutor.execute(HttpRequestExecutor.java:125)
	at org.apache.http.impl.client.DefaultRequestDirector.tryExecute(DefaultRequestDirector.java:679)
	at org.apache.http.impl.client.DefaultRequestDirector.execute(DefaultRequestDirector.java:481)
	at org.apache.http.impl.client.AbstractHttpClient.doExecute(AbstractHttpClient.java:835)
	at org.apache.http.impl.client.CloseableHttpClient.execute(CloseableHttpClient.java:118)
	at org.apache.http.impl.client.CloseableHttpClient.execute(CloseableHttpClient.java:56)
	at com.sun.jersey.client.apache4.ApacheHttpClient4Handler.handle(ApacheHttpClient4Handler.java:173)
	... 10 common frames omitted
2021-05-09 00:11:46,305 [http-nio-9000-exec-3] INFO  [c.netflix.eureka.registry.AbstractInstanceRegistry] AbstractInstanceRegistry.java:266 - Registered instance GALAXY-GATEWAY/192.168.0.96:galaxy-gateway:9400 with status DOWN (replication=true)
2021-05-09 00:11:48,343 [http-nio-9000-exec-8] INFO  [c.netflix.eureka.registry.AbstractInstanceRegistry] AbstractInstanceRegistry.java:330 - Cancelled instance GALAXY-GATEWAY/192.168.0.96:galaxy-gateway:9400 (replication=false)
2021-05-09 00:11:48,856 [http-nio-9000-exec-10] WARN  [c.netflix.eureka.registry.AbstractInstanceRegistry] AbstractInstanceRegistry.java:315 - DS: Registry: cancel failed because Lease is not registered for: GALAXY-GATEWAY/192.168.0.96:galaxy-gateway:9400
2021-05-09 00:11:48,857 [http-nio-9000-exec-10] INFO  [com.netflix.eureka.resources.InstanceResource] InstanceResource.java:288 - Not Found (Cancel): GALAXY-GATEWAY - 192.168.0.96:galaxy-gateway:9400
2021-05-09 00:11:48,860 [TaskBatchingWorker-target_localhost-14] WARN  [com.netflix.eureka.cluster.ReplicationTask] ReplicationTask.java:35 - The replication of task GALAXY-GATEWAY/192.168.0.96:galaxy-gateway:9400:Cancel@localhost failed with response code 404
2021-05-09 00:11:48,863 [TaskBatchingWorker-target_localhost-14] WARN  [com.netflix.eureka.cluster.PeerEurekaNode] PeerEurekaNode.java:171 - GALAXY-GATEWAY/192.168.0.96:galaxy-gateway:9400:Cancel@localhost: missing entry.
2021-05-09 00:12:37,098 [Eureka-EvictionTimer] INFO  [c.netflix.eureka.registry.AbstractInstanceRegistry] AbstractInstanceRegistry.java:1250 - Running the evict task with compensationTime 3ms
2021-05-09 00:13:36,706 [ReplicaAwareInstanceRegistry - RenewalThresholdUpdater] INFO  [c.n.eureka.registry.PeerAwareInstanceRegistryImpl] PeerAwareInstanceRegistryImpl.java:539 - Current renewal threshold is : 10
2021-05-09 00:13:37,091 [Eureka-EvictionTimer] INFO  [c.netflix.eureka.registry.AbstractInstanceRegistry] AbstractInstanceRegistry.java:1250 - Running the evict task with compensationTime 0ms
2021-05-09 00:14:11,863 [http-nio-9000-exec-9] INFO  [c.netflix.eureka.registry.AbstractInstanceRegistry] AbstractInstanceRegistry.java:266 - Registered instance GALAXY-GATEWAY/192.168.0.96:galaxy-gateway:9400 with status UP (replication=false)
2021-05-09 00:14:12,383 [http-nio-9000-exec-4] INFO  [c.netflix.eureka.registry.AbstractInstanceRegistry] AbstractInstanceRegistry.java:266 - Registered instance GALAXY-GATEWAY/192.168.0.96:galaxy-gateway:9400 with status UP (replication=true)
2021-05-09 00:14:37,093 [Eureka-EvictionTimer] INFO  [c.netflix.eureka.registry.AbstractInstanceRegistry] AbstractInstanceRegistry.java:1250 - Running the evict task with compensationTime 0ms
2021-05-09 00:15:37,097 [Eureka-EvictionTimer] INFO  [c.netflix.eureka.registry.AbstractInstanceRegistry] AbstractInstanceRegistry.java:1250 - Running the evict task with compensationTime 2ms
2021-05-09 00:16:37,098 [Eureka-EvictionTimer] INFO  [c.netflix.eureka.registry.AbstractInstanceRegistry] AbstractInstanceRegistry.java:1250 - Running the evict task with compensationTime 0ms
2021-05-09 00:17:37,104 [Eureka-EvictionTimer] INFO  [c.netflix.eureka.registry.AbstractInstanceRegistry] AbstractInstanceRegistry.java:1250 - Running the evict task with compensationTime 4ms
2021-05-09 00:18:37,105 [Eureka-EvictionTimer] INFO  [c.netflix.eureka.registry.AbstractInstanceRegistry] AbstractInstanceRegistry.java:1250 - Running the evict task with compensationTime 0ms
2021-05-09 00:19:37,109 [Eureka-EvictionTimer] INFO  [c.netflix.eureka.registry.AbstractInstanceRegistry] AbstractInstanceRegistry.java:1250 - Running the evict task with compensationTime 3ms
2021-05-09 00:20:37,110 [Eureka-EvictionTimer] INFO  [c.netflix.eureka.registry.AbstractInstanceRegistry] AbstractInstanceRegistry.java:1250 - Running the evict task with compensationTime 0ms
2021-05-09 00:21:37,116 [Eureka-EvictionTimer] INFO  [c.netflix.eureka.registry.AbstractInstanceRegistry] AbstractInstanceRegistry.java:1250 - Running the evict task with compensationTime 4ms
2021-05-09 00:22:37,122 [Eureka-EvictionTimer] INFO  [c.netflix.eureka.registry.AbstractInstanceRegistry] AbstractInstanceRegistry.java:1250 - Running the evict task with compensationTime 4ms
2021-05-09 00:23:37,125 [Eureka-EvictionTimer] INFO  [c.netflix.eureka.registry.AbstractInstanceRegistry] AbstractInstanceRegistry.java:1250 - Running the evict task with compensationTime 1ms
2021-05-09 00:24:37,129 [Eureka-EvictionTimer] INFO  [c.netflix.eureka.registry.AbstractInstanceRegistry] AbstractInstanceRegistry.java:1250 - Running the evict task with compensationTime 2ms
2021-05-09 00:25:37,133 [Eureka-EvictionTimer] INFO  [c.netflix.eureka.registry.AbstractInstanceRegistry] AbstractInstanceRegistry.java:1250 - Running the evict task with compensationTime 2ms
2021-05-09 00:26:37,138 [Eureka-EvictionTimer] INFO  [c.netflix.eureka.registry.AbstractInstanceRegistry] AbstractInstanceRegistry.java:1250 - Running the evict task with compensationTime 3ms
2021-05-09 00:27:37,141 [Eureka-EvictionTimer] INFO  [c.netflix.eureka.registry.AbstractInstanceRegistry] AbstractInstanceRegistry.java:1250 - Running the evict task with compensationTime 2ms
2021-05-09 00:28:36,745 [ReplicaAwareInstanceRegistry - RenewalThresholdUpdater] INFO  [c.n.eureka.registry.PeerAwareInstanceRegistryImpl] PeerAwareInstanceRegistryImpl.java:539 - Current renewal threshold is : 11
2021-05-09 00:28:37,147 [Eureka-EvictionTimer] INFO  [c.netflix.eureka.registry.AbstractInstanceRegistry] AbstractInstanceRegistry.java:1250 - Running the evict task with compensationTime 4ms
2021-05-09 00:29:37,150 [Eureka-EvictionTimer] INFO  [c.netflix.eureka.registry.AbstractInstanceRegistry] AbstractInstanceRegistry.java:1250 - Running the evict task with compensationTime 1ms
2021-05-09 00:30:37,156 [Eureka-EvictionTimer] INFO  [c.netflix.eureka.registry.AbstractInstanceRegistry] AbstractInstanceRegistry.java:1250 - Running the evict task with compensationTime 4ms
2021-05-09 00:31:37,160 [Eureka-EvictionTimer] INFO  [c.netflix.eureka.registry.AbstractInstanceRegistry] AbstractInstanceRegistry.java:1250 - Running the evict task with compensationTime 3ms
2021-05-09 00:32:37,164 [Eureka-EvictionTimer] INFO  [c.netflix.eureka.registry.AbstractInstanceRegistry] AbstractInstanceRegistry.java:1250 - Running the evict task with compensationTime 2ms
2021-05-09 00:33:37,169 [Eureka-EvictionTimer] INFO  [c.netflix.eureka.registry.AbstractInstanceRegistry] AbstractInstanceRegistry.java:1250 - Running the evict task with compensationTime 3ms
2021-05-09 00:34:37,176 [Eureka-EvictionTimer] INFO  [c.netflix.eureka.registry.AbstractInstanceRegistry] AbstractInstanceRegistry.java:1250 - Running the evict task with compensationTime 5ms
2021-05-09 00:35:37,181 [Eureka-EvictionTimer] INFO  [c.netflix.eureka.registry.AbstractInstanceRegistry] AbstractInstanceRegistry.java:1250 - Running the evict task with compensationTime 4ms
2021-05-09 00:36:37,187 [Eureka-EvictionTimer] INFO  [c.netflix.eureka.registry.AbstractInstanceRegistry] AbstractInstanceRegistry.java:1250 - Running the evict task with compensationTime 4ms
2021-05-09 00:37:37,193 [Eureka-EvictionTimer] INFO  [c.netflix.eureka.registry.AbstractInstanceRegistry] AbstractInstanceRegistry.java:1250 - Running the evict task with compensationTime 5ms
2021-05-09 00:38:37,197 [Eureka-EvictionTimer] INFO  [c.netflix.eureka.registry.AbstractInstanceRegistry] AbstractInstanceRegistry.java:1250 - Running the evict task with compensationTime 2ms
2021-05-09 00:39:37,202 [Eureka-EvictionTimer] INFO  [c.netflix.eureka.registry.AbstractInstanceRegistry] AbstractInstanceRegistry.java:1250 - Running the evict task with compensationTime 3ms
2021-05-09 00:40:26,077 [Thread-15] INFO  [o.s.c.n.e.serviceregistry.EurekaServiceRegistry] EurekaServiceRegistry.java:65 - Unregistering application GALAXY-EUREKA with eureka with status DOWN
2021-05-09 00:40:26,186 [http-nio-9000-exec-2] INFO  [c.netflix.eureka.registry.AbstractInstanceRegistry] AbstractInstanceRegistry.java:266 - Registered instance GALAXY-CONFIG/192.168.0.96:galaxy-config:9200 with status DOWN (replication=false)
2021-05-09 00:40:26,357 [http-nio-9000-exec-10] INFO  [c.netflix.eureka.registry.AbstractInstanceRegistry] AbstractInstanceRegistry.java:266 - Registered instance GALAXY-GATEWAY/192.168.0.96:galaxy-gateway:9400 with status DOWN (replication=false)
2021-05-09 00:40:26,494 [Thread-15] INFO  [com.netflix.eureka.DefaultEurekaServerContext] DefaultEurekaServerContext.java:76 - Shutting down ...
2021-05-09 00:40:29,500 [Thread-15] INFO  [com.netflix.eureka.DefaultEurekaServerContext] DefaultEurekaServerContext.java:79 - Shut down
2021-05-09 00:40:29,502 [http-nio-9000-exec-5] INFO  [c.netflix.eureka.registry.AbstractInstanceRegistry] AbstractInstanceRegistry.java:266 - Registered instance GALAXY-UCENTER/192.168.0.96:galaxy-ucenter:9600 with status DOWN (replication=false)
2021-05-09 00:40:29,501 [http-nio-9000-exec-9] INFO  [c.netflix.eureka.registry.AbstractInstanceRegistry] AbstractInstanceRegistry.java:266 - Registered instance GALAXY-UPLOAD/192.168.0.96:galaxy-upload:9800 with status DOWN (replication=false)
2021-05-09 00:40:29,504 [http-nio-9000-exec-8] INFO  [c.netflix.eureka.registry.AbstractInstanceRegistry] AbstractInstanceRegistry.java:266 - Registered instance UNKNOWN/192.168.0.96:9700 with status DOWN (replication=false)
2021-05-09 00:40:29,520 [http-nio-9000-exec-4] INFO  [c.netflix.eureka.registry.AbstractInstanceRegistry] AbstractInstanceRegistry.java:266 - Registered instance GALAXY-CMS/192.168.0.96:galaxy-cms:9900 with status DOWN (replication=false)
2021-05-09 00:40:29,526 [http-nio-9000-exec-1] INFO  [c.netflix.eureka.registry.AbstractInstanceRegistry] AbstractInstanceRegistry.java:330 - Cancelled instance GALAXY-UPLOAD/192.168.0.96:galaxy-upload:9800 (replication=false)
2021-05-09 00:40:29,532 [http-nio-9000-exec-3] INFO  [c.netflix.eureka.registry.AbstractInstanceRegistry] AbstractInstanceRegistry.java:330 - Cancelled instance UNKNOWN/192.168.0.96:9700 (replication=false)
2021-05-09 00:40:29,535 [http-nio-9000-exec-7] INFO  [c.netflix.eureka.registry.AbstractInstanceRegistry] AbstractInstanceRegistry.java:330 - Cancelled instance GALAXY-UCENTER/192.168.0.96:galaxy-ucenter:9600 (replication=false)
2021-05-09 00:40:29,549 [Thread-15] INFO  [o.s.scheduling.concurrent.ThreadPoolTaskExecutor] ExecutorConfigurationSupport.java:208 - Shutting down ExecutorService 'applicationTaskExecutor'
2021-05-09 00:40:29,549 [http-nio-9000-exec-6] INFO  [c.netflix.eureka.registry.AbstractInstanceRegistry] AbstractInstanceRegistry.java:330 - Cancelled instance GALAXY-CMS/192.168.0.96:galaxy-cms:9900 (replication=false)
2021-05-09 00:40:29,680 [Thread-15] INFO  [com.netflix.discovery.DiscoveryClient] DiscoveryClient.java:888 - Shutting down DiscoveryClient ...
2021-05-09 00:40:29,682 [Thread-15] INFO  [com.netflix.discovery.DiscoveryClient] DiscoveryClient.java:911 - Completed shut down of DiscoveryClient
